0 info it worked if it ends with ok
1 verbose cli [ 'C:\\Program Files\\nodejs\\node.exe',
1 verbose cli   'C:\\Program Files\\nodejs\\node_modules\\npm\\bin\\npm-cli.js',
1 verbose cli   'test' ]
2 info using npm@3.10.10
3 info using node@v6.9.4
4 verbose run-script [ 'pretest', 'test', 'posttest' ]
5 info lifecycle test-driven-hw-mocha@1.0.0~pretest: test-driven-hw-mocha@1.0.0
6 silly lifecycle test-driven-hw-mocha@1.0.0~pretest: no script for pretest, continuing
7 info lifecycle test-driven-hw-mocha@1.0.0~test: test-driven-hw-mocha@1.0.0
8 verbose lifecycle test-driven-hw-mocha@1.0.0~test: unsafe-perm in lifecycle true
9 verbose lifecycle test-driven-hw-mocha@1.0.0~test: PATH: C:\Program Files\nodejs\node_modules\npm\bin\node-gyp-bin;C:\Users\plame\Documents\Telerik\Homework\JavaScript Fundamentals\JS_Fundamentals\JavaScript-OOP\Topics\01. Functions-and-Function-Expressions\homework\node_modules\.bin;C:\Program Files (x86)\NVIDIA Corporation\PhysX\Common;C:\ProgramData\Oracle\Java\javapath;C:\Windows\system32;C:\Windows;C:\Windows\System32\Wbem;C:\Windows\System32\WindowsPowerShell\v1.0\;C:\Program Files (x86)\Skype\Phone\;C:\Program Files (x86)\Brackets\command;C:\WINDOWS\system32\config\systemprofile\.dnx\bin;C:\Program Files\Microsoft DNX\Dnvm\;C:\Program Files\Microsoft SQL Server\130\Tools\Binn\;C:\WINDOWS\system32;C:\WINDOWS;C:\WINDOWS\System32\Wbem;C:\WINDOWS\System32\WindowsPowerShell\v1.0\;C:\Program Files\nodejs\;C:\Users\plame\AppData\Local\Microsoft\WindowsApps;C:\Program Files (x86)\Microsoft VS Code\bin;C:\Windows\Microsoft.NET\Framework64\v3.5;C:\Users\plame\AppData\Roaming\npm
10 verbose lifecycle test-driven-hw-mocha@1.0.0~test: CWD: C:\Users\plame\Documents\Telerik\Homework\JavaScript Fundamentals\JS_Fundamentals\JavaScript-OOP\Topics\01. Functions-and-Function-Expressions\homework
11 silly lifecycle test-driven-hw-mocha@1.0.0~test: Args: [ '/d /s /c', 'mocha -R spec tests' ]
12 verbose stack Error: kill ENOSYS
12 verbose stack     at exports._errnoException (util.js:1022:11)
12 verbose stack     at process.kill (internal/process.js:172:13)
12 verbose stack     at process.listener (C:\Program Files\nodejs\node_modules\npm\node_modules\npmlog\node_modules\gauge\node_modules\signal-exit\index.js:86:15)
12 verbose stack     at emitNone (events.js:91:20)
12 verbose stack     at process.emit (events.js:185:7)
12 verbose stack     at processEmit (C:\Program Files\nodejs\node_modules\npm\node_modules\npmlog\node_modules\gauge\node_modules\signal-exit\index.js:146:32)
12 verbose stack     at processEmit (C:\Program Files\nodejs\node_modules\npm\node_modules\npm-registry-client\node_modules\npmlog\node_modules\gauge\node_modules\signal-exit\index.js:146:32)
12 verbose stack     at Signal.wrap.onsignal (internal/process.js:199:44)
13 verbose cwd C:\Users\plame\Documents\Telerik\Homework\JavaScript Fundamentals\JS_Fundamentals\JavaScript-OOP\Topics\01. Functions-and-Function-Expressions\homework\tasks
14 error Windows_NT 10.0.14393
15 error argv "C:\\Program Files\\nodejs\\node.exe" "C:\\Program Files\\nodejs\\node_modules\\npm\\bin\\npm-cli.js" "test"
16 error node v6.9.4
17 error npm  v3.10.10
18 error code ENOSYS
19 error errno ENOSYS
20 error syscall kill
21 error kill ENOSYS
22 error If you need help, you may report this error at:
22 error     <https://github.com/npm/npm/issues>
23 verbose exit [ 1, true ]
